ERROR - 2024-05-01 01:31:53 --> Error connecting to the database: mysqli_sql_exception: No such file or directory in /opt/lampp/htdocs/api_crud/api_crud/system/Database/MySQLi/Connection.php:186
Stack trace:
#0 /opt/lampp/htdocs/api_crud/api_crud/system/Database/MySQLi/Connection.php(186): mysqli->real_connect()
#1 /opt/lampp/htdocs/api_crud/api_crud/system/Database/BaseConnection.php(421): CodeIgniter\Database\MySQLi\Connection->connect()
#2 /opt/lampp/htdocs/api_crud/api_crud/system/Database/BaseConnection.php(604): CodeIgniter\Database\BaseConnection->initialize()
#3 /opt/lampp/htdocs/api_crud/api_crud/system/Database/BaseConnection.php(1471): CodeIgniter\Database\BaseConnection->query()
#4 /opt/lampp/htdocs/api_crud/api_crud/system/Database/BaseConnection.php(1490): CodeIgniter\Database\BaseConnection->listTables()
#5 /opt/lampp/htdocs/api_crud/api_crud/system/Database/MigrationRunner.php(759): CodeIgniter\Database\BaseConnection->tableExists()
#6 /opt/lampp/htdocs/api_crud/api_crud/system/Database/MigrationRunner.php(163): CodeIgniter\Database\MigrationRunner->ensureTable()
#7 /opt/lampp/htdocs/api_crud/api_crud/system/Commands/Database/Migrate.php(85): CodeIgniter\Database\MigrationRunner->latest()
#8 /opt/lampp/htdocs/api_crud/api_crud/system/CLI/Commands.php(70): CodeIgniter\Commands\Database\Migrate->run()
#9 /opt/lampp/htdocs/api_crud/api_crud/system/CLI/Console.php(48): CodeIgniter\CLI\Commands->run()
#10 /opt/lampp/htdocs/api_crud/api_crud/system/Boot.php(338): CodeIgniter\CLI\Console->run()
#11 /opt/lampp/htdocs/api_crud/api_crud/system/Boot.php(104): CodeIgniter\Boot::runCommand()
#12 /opt/lampp/htdocs/api_crud/api_crud/spark(84): CodeIgniter\Boot::bootSpark()
#13 {main}

Next CodeIgniter\Database\Exceptions\DatabaseException: No such file or directory in /opt/lampp/htdocs/api_crud/api_crud/system/Database/MySQLi/Connection.php:231
Stack trace:
#0 /opt/lampp/htdocs/api_crud/api_crud/system/Database/BaseConnection.php(421): CodeIgniter\Database\MySQLi\Connection->connect()
#1 /opt/lampp/htdocs/api_crud/api_crud/system/Database/BaseConnection.php(604): CodeIgniter\Database\BaseConnection->initialize()
#2 /opt/lampp/htdocs/api_crud/api_crud/system/Database/BaseConnection.php(1471): CodeIgniter\Database\BaseConnection->query()
#3 /opt/lampp/htdocs/api_crud/api_crud/system/Database/BaseConnection.php(1490): CodeIgniter\Database\BaseConnection->listTables()
#4 /opt/lampp/htdocs/api_crud/api_crud/system/Database/MigrationRunner.php(759): CodeIgniter\Database\BaseConnection->tableExists()
#5 /opt/lampp/htdocs/api_crud/api_crud/system/Database/MigrationRunner.php(163): CodeIgniter\Database\MigrationRunner->ensureTable()
#6 /opt/lampp/htdocs/api_crud/api_crud/system/Commands/Database/Migrate.php(85): CodeIgniter\Database\MigrationRunner->latest()
#7 /opt/lampp/htdocs/api_crud/api_crud/system/CLI/Commands.php(70): CodeIgniter\Commands\Database\Migrate->run()
#8 /opt/lampp/htdocs/api_crud/api_crud/system/CLI/Console.php(48): CodeIgniter\CLI\Commands->run()
#9 /opt/lampp/htdocs/api_crud/api_crud/system/Boot.php(338): CodeIgniter\CLI\Console->run()
#10 /opt/lampp/htdocs/api_crud/api_crud/system/Boot.php(104): CodeIgniter\Boot::runCommand()
#11 /opt/lampp/htdocs/api_crud/api_crud/spark(84): CodeIgniter\Boot::bootSpark()
#12 {main}
ERROR - 2024-05-01 01:32:56 --> Error connecting to the database: mysqli_sql_exception: No such file or directory in /opt/lampp/htdocs/api_crud/api_crud/system/Database/MySQLi/Connection.php:186
Stack trace:
#0 /opt/lampp/htdocs/api_crud/api_crud/system/Database/MySQLi/Connection.php(186): mysqli->real_connect()
#1 /opt/lampp/htdocs/api_crud/api_crud/system/Database/BaseConnection.php(421): CodeIgniter\Database\MySQLi\Connection->connect()
#2 /opt/lampp/htdocs/api_crud/api_crud/system/Database/BaseConnection.php(604): CodeIgniter\Database\BaseConnection->initialize()
#3 /opt/lampp/htdocs/api_crud/api_crud/system/Database/BaseConnection.php(1471): CodeIgniter\Database\BaseConnection->query()
#4 /opt/lampp/htdocs/api_crud/api_crud/system/Database/BaseConnection.php(1490): CodeIgniter\Database\BaseConnection->listTables()
#5 /opt/lampp/htdocs/api_crud/api_crud/system/Database/MigrationRunner.php(759): CodeIgniter\Database\BaseConnection->tableExists()
#6 /opt/lampp/htdocs/api_crud/api_crud/system/Database/MigrationRunner.php(163): CodeIgniter\Database\MigrationRunner->ensureTable()
#7 /opt/lampp/htdocs/api_crud/api_crud/system/Commands/Database/Migrate.php(85): CodeIgniter\Database\MigrationRunner->latest()
#8 /opt/lampp/htdocs/api_crud/api_crud/system/CLI/Commands.php(70): CodeIgniter\Commands\Database\Migrate->run()
#9 /opt/lampp/htdocs/api_crud/api_crud/system/CLI/Console.php(48): CodeIgniter\CLI\Commands->run()
#10 /opt/lampp/htdocs/api_crud/api_crud/system/Boot.php(338): CodeIgniter\CLI\Console->run()
#11 /opt/lampp/htdocs/api_crud/api_crud/system/Boot.php(104): CodeIgniter\Boot::runCommand()
#12 /opt/lampp/htdocs/api_crud/api_crud/spark(84): CodeIgniter\Boot::bootSpark()
#13 {main}

Next CodeIgniter\Database\Exceptions\DatabaseException: No such file or directory in /opt/lampp/htdocs/api_crud/api_crud/system/Database/MySQLi/Connection.php:231
Stack trace:
#0 /opt/lampp/htdocs/api_crud/api_crud/system/Database/BaseConnection.php(421): CodeIgniter\Database\MySQLi\Connection->connect()
#1 /opt/lampp/htdocs/api_crud/api_crud/system/Database/BaseConnection.php(604): CodeIgniter\Database\BaseConnection->initialize()
#2 /opt/lampp/htdocs/api_crud/api_crud/system/Database/BaseConnection.php(1471): CodeIgniter\Database\BaseConnection->query()
#3 /opt/lampp/htdocs/api_crud/api_crud/system/Database/BaseConnection.php(1490): CodeIgniter\Database\BaseConnection->listTables()
#4 /opt/lampp/htdocs/api_crud/api_crud/system/Database/MigrationRunner.php(759): CodeIgniter\Database\BaseConnection->tableExists()
#5 /opt/lampp/htdocs/api_crud/api_crud/system/Database/MigrationRunner.php(163): CodeIgniter\Database\MigrationRunner->ensureTable()
#6 /opt/lampp/htdocs/api_crud/api_crud/system/Commands/Database/Migrate.php(85): CodeIgniter\Database\MigrationRunner->latest()
#7 /opt/lampp/htdocs/api_crud/api_crud/system/CLI/Commands.php(70): CodeIgniter\Commands\Database\Migrate->run()
#8 /opt/lampp/htdocs/api_crud/api_crud/system/CLI/Console.php(48): CodeIgniter\CLI\Commands->run()
#9 /opt/lampp/htdocs/api_crud/api_crud/system/Boot.php(338): CodeIgniter\CLI\Console->run()
#10 /opt/lampp/htdocs/api_crud/api_crud/system/Boot.php(104): CodeIgniter\Boot::runCommand()
#11 /opt/lampp/htdocs/api_crud/api_crud/spark(84): CodeIgniter\Boot::bootSpark()
#12 {main}
